<?xml version="1.0" encoding="UTF-8"?>
<!-- Generated by org.testng.reporters.JUnitReportReporter -->
<testsuite hostname="P4A-508SD4L" name="selenium.NewTest" tests="1" failures="0" timestamp="16 Jul 2018 07:33:56 GMT" time="40.454" errors="0">
  <testcase name="f" time="40.454" classname="selenium.NewTest"/>
</testsuite> <!-- selenium.NewTest -->
