<?xml version="1.0" encoding="UTF-8"?>
<!-- Generated by org.testng.reporters.JUnitReportReporter -->
<testsuite hostname="P4A-508SD4L" name="selenium.MavenNow.Demo03_JavaScript" tests="1" failures="0" timestamp="23 Jul 2018 06:37:38 GMT" time="0.150" errors="0">
  <testcase name="javascript" time="0.150" classname="selenium.MavenNow.Demo03_JavaScript"/>
</testsuite> <!-- selenium.MavenNow.Demo03_JavaScript -->
