<?xml version="1.0" encoding="UTF-8"?>
<!-- Generated by org.testng.reporters.JUnitReportReporter -->
<testsuite hostname="P4A-508SD4L" name="selenium.MavenNow.Demo01_Actions" tests="1" failures="0" timestamp="23 Jul 2018 05:36:28 GMT" time="2.762" errors="0">
  <testcase name="Actions" time="2.762" classname="selenium.MavenNow.Demo01_Actions"/>
</testsuite> <!-- selenium.MavenNow.Demo01_Actions -->
