<?xml version="1.0" encoding="UTF-8"?>
<!-- Generated by org.testng.reporters.JUnitReportReporter -->
<testsuite hostname="P4A-508SD4L" name="selenium.MavenNow.Demo04_TakeScreen" tests="1" failures="0" timestamp="23 Jul 2018 07:23:53 GMT" time="0.444" errors="0">
  <testcase name="javascrpt" time="0.444" classname="selenium.MavenNow.Demo04_TakeScreen"/>
</testsuite> <!-- selenium.MavenNow.Demo04_TakeScreen -->
