<?xml version="1.0" encoding="UTF-8"?>
<!-- Generated by org.testng.reporters.JUnitReportReporter -->
<testsuite name="selenium.PNCMaven.OpenChormeBrow" tests="1" time="50.087" ignored="0" failures="0" timestamp="11 Jul 2018 04:57:00 GMT" skipped="0" hostname="P4A-508SD4L" errors="0">
  <testcase name="f" time="50.087" classname="selenium.PNCMaven.OpenChormeBrow"/>
</testsuite> <!-- selenium.PNCMaven.OpenChormeBrow -->
