<?xml version="1.0" encoding="UTF-8"?>
<!-- Generated by org.testng.reporters.JUnitReportReporter -->
<testsuite name="selenium.PNCMaven.OpenFire" tests="1" time="312.976" ignored="0" failures="0" timestamp="11 Jul 2018 05:31:19 GMT" skipped="0" hostname="P4A-508SD4L" errors="0">
  <testcase name="f" time="312.976" classname="selenium.PNCMaven.OpenFire"/>
</testsuite> <!-- selenium.PNCMaven.OpenFire -->
